<?xml version="1.0" encoding="UTF-8"?>
<!-- Generated by org.testng.reporters.JUnitReportReporter -->
<testsuite hostname="LAPTOP-K63JR401" failures="0" tests="1" name="Test01_GET" time="3.031" errors="0" timestamp="2021-10-31T04:47:25 IST" skipped="0">
  <testcase classname="Test01_GET" name="test_01" time="3.031"/>
  <system-out/>
</testsuite> <!-- Test01_GET -->
