<?xml version="1.0" encoding="UTF-8"?>
<!-- Generated by org.testng.reporters.JUnitReportReporter -->
<testsuite hostname="LAPTOP-K63JR401" failures="0" tests="1" name="Test_post" time="3.193" errors="0" timestamp="2021-10-31T04:48:38 IST" skipped="0">
  <testcase classname="Test_post" name="test_02" time="3.193"/>
  <system-out/>
</testsuite> <!-- Test_post -->
